# JRE version: OpenJDK Runtime Environment (7.0_79-b14) (build 1.7.0_79-b14)
# Java VM: OpenJDK 64-Bit Server VM (24.79-b02 mixed mode linux-amd64 compressed oops)
Heap
 PSYoungGen      total 203776K, used 154432K [0x00000000eaa80000, 0x00000000f8e80000, 0x0000000100000000)
  eden space 186368K, 73% used [0x00000000eaa80000,0x00000000f3050c60,0x00000000f6080000)
  from space 17408K, 99% used [0x00000000f7580000,0x00000000f867f3c8,0x00000000f8680000)
  to   space 21504K, 0% used [0x00000000f6080000,0x00000000f6080000,0x00000000f7580000)
 ParOldGen       total 124928K, used 18446K [0x00000000c0000000, 0x00000000c7a00000, 0x00000000eaa80000)
  object space 124928K, 14% used [0x00000000c0000000,0x00000000c1203888,0x00000000c7a00000)
 PSPermGen       total 42496K, used 42243K [0x00000000b0000000, 0x00000000b2980000, 0x00000000c0000000)
  object space 42496K, 99% used [0x00000000b0000000,0x00000000b2940ce0,0x00000000b2980000)
GC Heap History (10 events):
Event: 2.210 GC heap before
{Heap before GC invocations=2 (full 0):
 PSYoungGen      total 55296K, used 53198K [0x00000000eaa80000, 0x00000000ee800000, 0x0000000100000000)
  eden space 47616K, 100% used [0x00000000eaa80000,0x00000000ed900000,0x00000000ed900000)
  from space 7680K, 72% used [0x00000000ed900000,0x00000000ede73b60,0x00000000ee080000)
  to   space 7680K, 0% used [0x00000000ee080000,0x00000000ee080000,0x00000000ee800000)
 ParOldGen       total 124928K, used 8K [0x00000000c0000000, 0x00000000c7a00000, 0x00000000eaa80000)
  object space 124928K, 0% used [0x00000000c0000000,0x00000000c0002000,0x00000000c7a00000)
 PSPermGen       total 21504K, used 17380K [0x00000000b0000000, 0x00000000b1500000, 0x00000000c0000000)
  object space 21504K, 80% used [0x00000000b0000000,0x00000000b10f9300,0x00000000b1500000)
Event: 2.224 GC heap after
Heap after GC invocations=2 (full 0):
 PSYoungGen      total 55296K, used 7674K [0x00000000eaa80000, 0x00000000ee800000, 0x0000000100000000)
  eden space 47616K, 0% used [0x00000000eaa80000,0x00000000eaa80000,0x00000000ed900000)
  from space 7680K, 99% used [0x00000000ee080000,0x00000000ee7feb98,0x00000000ee800000)
  to   space 7680K, 0% used [0x00000000ed900000,0x00000000ed900000,0x00000000ee080000)
 ParOldGen       total 124928K, used 1679K [0x00000000c0000000, 0x00000000c7a00000, 0x00000000eaa80000)
  object space 124928K, 1% used [0x00000000c0000000,0x00000000c01a3ef0,0x00000000c7a00000)
 PSPermGen       total 21504K, used 17380K [0x00000000b0000000, 0x00000000b1500000, 0x00000000c0000000)
  object space 21504K, 80% used [0x00000000b0000000,0x00000000b10f9300,0x00000000b1500000)
}
Event: 3.939 GC heap before
{Heap before GC invocations=3 (full 0):
 PSYoungGen      total 55296K, used 55290K [0x00000000eaa80000, 0x00000000ee800000, 0x0000000100000000)
  eden space 47616K, 100% used [0x00000000eaa80000,0x00000000ed900000,0x00000000ed900000)
  from space 7680K, 99% used [0x00000000ee080000,0x00000000ee7feb98,0x00000000ee800000)
  to   space 7680K, 0% used [0x00000000ed900000,0x00000000ed900000,0x00000000ee080000)
 ParOldGen       total 124928K, used 1679K [0x00000000c0000000, 0x00000000c7a00000, 0x00000000eaa80000)
  object space 124928K, 1% used [0x00000000c0000000,0x00000000c01a3ef0,0x00000000c7a00000)
 PSPermGen       total 21504K, used 21254K [0x00000000b0000000, 0x00000000b1500000, 0x00000000c0000000)
  object space 21504K, 98% used [0x00000000b0000000,0x00000000b14c1b90,0x00000000b1500000)
Event: 3.978 GC heap after
Heap after GC invocations=3 (full 0):
 PSYoungGen      total 55296K, used 7650K [0x00000000eaa80000, 0x00000000f1680000, 0x0000000100000000)
  eden space 47616K, 0% used [0x00000000eaa80000,0x00000000eaa80000,0x00000000ed900000)
  from space 7680K, 99% used [0x00000000ed900000,0x00000000ee078ac0,0x00000000ee080000)
  to   space 7680K, 0% used [0x00000000f0f00000,0x00000000f0f00000,0x00000000f1680000)
 ParOldGen       total 124928K, used 4202K [0x00000000c0000000, 0x00000000c7a00000, 0x00000000eaa80000)
  object space 124928K, 3% used [0x00000000c0000000,0x00000000c041a960,0x00000000c7a00000)
 PSPermGen       total 21504K, used 21254K [0x00000000b0000000, 0x00000000b1500000, 0x00000000c0000000)
  object space 21504K, 98% used [0x00000000b0000000,0x00000000b14c1b90,0x00000000b1500000)
}
Event: 5.037 GC heap before
{Heap before GC invocations=4 (full 0):
 PSYoungGen      total 55296K, used 55266K [0x00000000eaa80000, 0x00000000f1680000, 0x0000000100000000)
  eden space 47616K, 100% used [0x00000000eaa80000,0x00000000ed900000,0x00000000ed900000)
  from space 7680K, 99% used [0x00000000ed900000,0x00000000ee078ac0,0x00000000ee080000)
  to   space 7680K, 0% used [0x00000000f0f00000,0x00000000f0f00000,0x00000000f1680000)
 ParOldGen       total 124928K, used 4202K [0x00000000c0000000, 0x00000000c7a00000, 0x00000000eaa80000)
  object space 124928K, 3% used [0x00000000c0000000,0x00000000c041a960,0x00000000c7a00000)
 PSPermGen       total 26624K, used 26298K [0x00000000b0000000, 0x00000000b1a00000, 0x00000000c0000000)
  object space 26624K, 98% used [0x00000000b0000000,0x00000000b19aeb40,0x00000000b1a00000)
Event: 5.052 GC heap after
Heap after GC invocations=4 (full 0):
 PSYoungGen      total 102912K, used 7648K [0x00000000eaa80000, 0x00000000f1680000, 0x0000000100000000)
  eden space 95232K, 0% used [0x00000000eaa80000,0x00000000eaa80000,0x00000000f0780000)
  from space 7680K, 99% used [0x00000000f0f00000,0x00000000f1678020,0x00000000f1680000)
  to   space 7680K, 0% used [0x00000000f0780000,0x00000000f0780000,0x00000000f0f00000)
 ParOldGen       total 124928K, used 8511K [0x00000000c0000000, 0x00000000c7a00000, 0x00000000eaa80000)
  object space 124928K, 6% used [0x00000000c0000000,0x00000000c084fed8,0x00000000c7a00000)
 PSPermGen       total 26624K, used 26298K [0x00000000b0000000, 0x00000000b1a00000, 0x00000000c0000000)
  object space 26624K, 98% used [0x00000000b0000000,0x00000000b19aeb40,0x00000000b1a00000)
}
Event: 7.776 GC heap before
{Heap before GC invocations=5 (full 0):
 PSYoungGen      total 102912K, used 102880K [0x00000000eaa80000, 0x00000000f1680000, 0x0000000100000000)
  eden space 95232K, 100% used [0x00000000eaa80000,0x00000000f0780000,0x00000000f0780000)
  from space 7680K, 99% used [0x00000000f0f00000,0x00000000f1678020,0x00000000f1680000)
  to   space 7680K, 0% used [0x00000000f0780000,0x00000000f0780000,0x00000000f0f00000)
 ParOldGen       total 124928K, used 8511K [0x00000000c0000000, 0x00000000c7a00000, 0x00000000eaa80000)
  object space 124928K, 6% used [0x00000000c0000000,0x00000000c084fed8,0x00000000c7a00000)
 PSPermGen       total 30720K, used 30432K [0x00000000b0000000, 0x00000000b1e00000, 0x00000000c0000000)
  object space 30720K, 99% used [0x00000000b0000000,0x00000000b1db8020,0x00000000b1e00000)
Event: 7.802 GC heap after
Heap after GC invocations=5 (full 0):
 PSYoungGen      total 102912K, used 7648K [0x00000000eaa80000, 0x00000000f8680000, 0x0000000100000000)
  eden space 95232K, 0% used [0x00000000eaa80000,0x00000000eaa80000,0x00000000f0780000)
  from space 7680K, 99% used [0x00000000f0780000,0x00000000f0ef8020,0x00000000f0f00000)
  to   space 17408K, 0% used [0x00000000f7580000,0x00000000f7580000,0x00000000f8680000)
 ParOldGen       total 124928K, used 15836K [0x00000000c0000000, 0x00000000c7a00000, 0x00000000eaa80000)
  object space 124928K, 12% used [0x00000000c0000000,0x00000000c0f771f0,0x00000000c7a00000)
 PSPermGen       total 30720K, used 30432K [0x00000000b0000000, 0x00000000b1e00000, 0x00000000c0000000)
  object space 30720K, 99% used [0x00000000b0000000,0x00000000b1db8020,0x00000000b1e00000)
}
Event: 10.123 GC heap before
{Heap before GC invocations=6 (full 0):
 PSYoungGen      total 102912K, used 102880K [0x00000000eaa80000, 0x00000000f8680000, 0x0000000100000000)
  eden space 95232K, 100% used [0x00000000eaa80000,0x00000000f0780000,0x00000000f0780000)
  from space 7680K, 99% used [0x00000000f0780000,0x00000000f0ef8020,0x00000000f0f00000)
  to   space 17408K, 0% used [0x00000000f7580000,0x00000000f7580000,0x00000000f8680000)
 ParOldGen       total 124928K, used 15836K [0x00000000c0000000, 0x00000000c7a00000, 0x00000000eaa80000)
  object space 124928K, 12% used [0x00000000c0000000,0x00000000c0f771f0,0x00000000c7a00000)
 PSPermGen       total 34816K, used 34790K [0x00000000b0000000, 0x00000000b2200000, 0x00000000c0000000)
  object space 34816K, 99% used [0x00000000b0000000,0x00000000b21f9828,0x00000000b2200000)
Event: 10.180 GC heap after
Heap after GC invocations=6 (full 0):
 PSYoungGen      total 203776K, used 17404K [0x00000000eaa80000, 0x00000000f8e80000, 0x0000000100000000)
  eden space 186368K, 0% used [0x00000000eaa80000,0x00000000eaa80000,0x00000000f6080000)
  from space 17408K, 99% used [0x00000000f7580000,0x00000000f867f3c8,0x00000000f8680000)
  to   space 21504K, 0% used [0x00000000f6080000,0x00000000f6080000,0x00000000f7580000)
 ParOldGen       total 124928K, used 18446K [0x00000000c0000000, 0x00000000c7a00000, 0x00000000eaa80000)
  object space 124928K, 14% used [0x00000000c0000000,0x00000000c1203888,0x00000000c7a00000)
 PSPermGen       total 34816K, used 34790K [0x00000000b0000000, 0x00000000b2200000, 0x00000000c0000000)
  object space 34816K, 99% used [0x00000000b0000000,0x00000000b21f9828,0x00000000b2200000)
}

